0    [main] INFO  org.eclipse.jetty.server.Server  – jetty-8.1.10.v20130312
33   [main] INFO  org.eclipse.jetty.deploy.providers.ScanningAppProvider  – Deployment monitor /home/watzek343/Documents/geo.lclark/jetty/contexts at interval 0
58   [main] INFO  org.eclipse.jetty.deploy.DeploymentManager  – Deployable added: /home/watzek343/Documents/geo.lclark/jetty/contexts/solr.xml
1148 [main] INFO  org.eclipse.jetty.webapp.StandardDescriptorProcessor  – NO JSP Support for /solr, did not find org.apache.jasper.servlet.JspServlet
1267 [main] INFO  org.apache.solr.servlet.SolrDispatchFilter  – SolrDispatchFilter.init()
1289 [main] INFO  org.apache.solr.core.SolrResourceLoader  – JNDI not configured for solr (NoInitialContextEx)
1289 [main] INFO  org.apache.solr.core.SolrResourceLoader  – using system property solr.solr.home: /home/watzek343/Documents/geo.lclark/jetty/solr
1290 [main] INFO  org.apache.solr.core.SolrResourceLoader  – new SolrResourceLoader for directory: '/home/watzek343/Documents/geo.lclark/jetty/solr/'
1291 [main] INFO  org.apache.solr.core.SolrResourceLoader  – Adding 'file:/home/watzek343/Documents/geo.lclark/jetty/solr/lib/contrib/' to classloader
1292 [main] INFO  org.apache.solr.core.SolrResourceLoader  – Adding 'file:/home/watzek343/Documents/geo.lclark/jetty/solr/lib/solr-langid-4.10.3.jar' to classloader
1292 [main] INFO  org.apache.solr.core.SolrResourceLoader  – Adding 'file:/home/watzek343/Documents/geo.lclark/jetty/solr/lib/solr-analysis-extras-4.10.3.jar' to classloader
1292 [main] INFO  org.apache.solr.core.SolrResourceLoader  – Adding 'file:/home/watzek343/Documents/geo.lclark/jetty/solr/lib/solr-clustering-4.10.3.jar' to classloader
1465 [main] INFO  org.apache.solr.core.ConfigSolr  – Loading container configuration from /home/watzek343/Documents/geo.lclark/jetty/solr/solr.xml
1708 [main] INFO  org.apache.solr.core.CoresLocator  – Config-defined core root directory: /home/watzek343/Documents/geo.lclark/jetty/solr
1732 [main] INFO  org.apache.solr.core.CoreContainer  – New CoreContainer 1456339771
1733 [main] INFO  org.apache.solr.core.CoreContainer  – Loading cores into CoreContainer [instanceDir=/home/watzek343/Documents/geo.lclark/jetty/solr/]
1735 [main] INFO  org.apache.solr.core.CoreContainer  – loading shared library: /home/watzek343/Documents/geo.lclark/jetty/solr/lib
1735 [main] INFO  org.apache.solr.core.SolrResourceLoader  – Adding 'file:/home/watzek343/Documents/geo.lclark/jetty/solr/lib/contrib/' to classloader
1735 [main] INFO  org.apache.solr.core.SolrResourceLoader  – Adding 'file:/home/watzek343/Documents/geo.lclark/jetty/solr/lib/solr-langid-4.10.3.jar' to classloader
1736 [main] INFO  org.apache.solr.core.SolrResourceLoader  – Adding 'file:/home/watzek343/Documents/geo.lclark/jetty/solr/lib/solr-analysis-extras-4.10.3.jar' to classloader
1736 [main] INFO  org.apache.solr.core.SolrResourceLoader  – Adding 'file:/home/watzek343/Documents/geo.lclark/jetty/solr/lib/solr-clustering-4.10.3.jar' to classloader
1771 [main] INFO  org.apache.solr.handler.component.HttpShardHandlerFactory  – Setting socketTimeout to: 0
1772 [main] INFO  org.apache.solr.handler.component.HttpShardHandlerFactory  – Setting urlScheme to: null
1775 [main] INFO  org.apache.solr.handler.component.HttpShardHandlerFactory  – Setting connTimeout to: 0
1775 [main] INFO  org.apache.solr.handler.component.HttpShardHandlerFactory  – Setting maxConnectionsPerHost to: 20
1776 [main] INFO  org.apache.solr.handler.component.HttpShardHandlerFactory  – Setting corePoolSize to: 0
1776 [main] INFO  org.apache.solr.handler.component.HttpShardHandlerFactory  – Setting maximumPoolSize to: 2147483647
1776 [main] INFO  org.apache.solr.handler.component.HttpShardHandlerFactory  – Setting maxThreadIdleTime to: 5
1776 [main] INFO  org.apache.solr.handler.component.HttpShardHandlerFactory  – Setting sizeOfQueue to: -1
1777 [main] INFO  org.apache.solr.handler.component.HttpShardHandlerFactory  – Setting fairnessPolicy to: false
2093 [main] INFO  org.apache.solr.update.UpdateShardHandler  – Creating UpdateShardHandler HTTP client with params: socketTimeout=0&connTimeout=0&retry=false
2095 [main] INFO  org.apache.solr.logging.LogWatcher  – SLF4J impl is org.slf4j.impl.Log4jLoggerFactory
2101 [main] INFO  org.apache.solr.logging.LogWatcher  – Registering Log Listener [Log4j (org.slf4j.impl.Log4jLoggerFactory)]
2102 [main] INFO  org.apache.solr.core.CoreContainer  – Host Name: 
2149 [main] INFO  org.apache.solr.core.CoresLocator  – Looking for core definitions underneath /home/watzek343/Documents/geo.lclark/jetty/solr
2191 [main] INFO  org.apache.solr.core.CoresLocator  – Found core blacklight-core in /home/watzek343/Documents/geo.lclark/jetty/solr/blacklight-core/
2192 [main] INFO  org.apache.solr.core.CoresLocator  – Found 1 core definitions
2197 [coreLoadExecutor-5-thread-1] INFO  org.apache.solr.core.SolrResourceLoader  – new SolrResourceLoader for directory: '/home/watzek343/Documents/geo.lclark/jetty/solr/blacklight-core/'
2248 [coreLoadExecutor-5-thread-1] INFO  org.apache.solr.core.SolrConfig  – Using Lucene MatchVersion: 4.7.0
2313 [coreLoadExecutor-5-thread-1] INFO  org.apache.solr.core.Config  – Loaded SolrConfig: solrconfig.xml
2318 [coreLoadExecutor-5-thread-1] INFO  org.apache.solr.schema.IndexSchema  – Reading Solr Schema from /home/watzek343/Documents/geo.lclark/jetty/solr/blacklight-core/conf/schema.xml
2346 [coreLoadExecutor-5-thread-1] INFO  org.apache.solr.schema.IndexSchema  – [blacklight-core] Schema name=geoblacklight-schema
2487 [coreLoadExecutor-5-thread-1] INFO  org.apache.solr.schema.IndexSchema  – unique key field: uuid
2562 [coreLoadExecutor-5-thread-1] INFO  org.apache.solr.core.CoreContainer  – Creating SolrCore 'blacklight-core' using configuration from instancedir /home/watzek343/Documents/geo.lclark/jetty/solr/blacklight-core/
2614 [coreLoadExecutor-5-thread-1] INFO  org.apache.solr.core.SolrCore  – solr.NRTCachingDirectoryFactory
2620 [coreLoadExecutor-5-thread-1] INFO  org.apache.solr.core.SolrCore  – [blacklight-core] Opening new SolrCore at /home/watzek343/Documents/geo.lclark/jetty/solr/blacklight-core/, dataDir=/home/watzek343/Documents/geo.lclark/jetty/solr/blacklight-core/data/
2620 [coreLoadExecutor-5-thread-1] INFO  org.apache.solr.core.SolrCore  – JMX monitoring not detected for core: blacklight-core
2623 [coreLoadExecutor-5-thread-1] INFO  org.apache.solr.core.SolrCore  – [blacklight-core] Added SolrEventListener for newSearcher: org.apache.solr.core.QuerySenderListener{queries=[{q=stanford}, {q=polygon}]}
2623 [coreLoadExecutor-5-thread-1] INFO  org.apache.solr.core.SolrCore  – [blacklight-core] Added SolrEventListener for firstSearcher: org.apache.solr.core.QuerySenderListener{queries=[{q=static firstSearcher warming in solrconfig.xml}]}
2646 [coreLoadExecutor-5-thread-1] INFO  org.apache.solr.core.CachingDirectoryFactory  – return new directory for /home/watzek343/Documents/geo.lclark/jetty/solr/blacklight-core/data
2662 [coreLoadExecutor-5-thread-1] INFO  org.apache.solr.core.SolrCore  – New index directory detected: old=null new=/home/watzek343/Documents/geo.lclark/jetty/solr/blacklight-core/data/index/
2662 [coreLoadExecutor-5-thread-1] INFO  org.apache.solr.core.CachingDirectoryFactory  – return new directory for /home/watzek343/Documents/geo.lclark/jetty/solr/blacklight-core/data/index
2752 [coreLoadExecutor-5-thread-1] INFO  org.apache.solr.core.SolrCore  – no updateRequestProcessorChain defined as default, creating implicit default
2757 [coreLoadExecutor-5-thread-1] INFO  org.apache.solr.core.RequestHandlers  – created /update: org.apache.solr.handler.UpdateRequestHandler
2757 [coreLoadExecutor-5-thread-1] INFO  org.apache.solr.core.RequestHandlers  – created /update/json: org.apache.solr.handler.UpdateRequestHandler
2758 [coreLoadExecutor-5-thread-1] INFO  org.apache.solr.core.RequestHandlers  – created /update/csv: org.apache.solr.handler.UpdateRequestHandler
2758 [coreLoadExecutor-5-thread-1] INFO  org.apache.solr.core.RequestHandlers  – created /update/json/docs: org.apache.solr.handler.UpdateRequestHandler
2759 [coreLoadExecutor-5-thread-1] INFO  org.apache.solr.core.RequestHandlers  – created /get: solr.RealTimeGetHandler
2760 [coreLoadExecutor-5-thread-1] INFO  org.apache.solr.core.RequestHandlers  – adding lazy requestHandler: solr.ReplicationHandler
2760 [coreLoadExecutor-5-thread-1] INFO  org.apache.solr.core.RequestHandlers  – created /replication: solr.ReplicationHandler
2762 [coreLoadExecutor-5-thread-1] INFO  org.apache.solr.core.RequestHandlers  – created /search: solr.SearchHandler
2762 [coreLoadExecutor-5-thread-1] INFO  org.apache.solr.core.RequestHandlers  – created /select: solr.SearchHandler
2763 [coreLoadExecutor-5-thread-1] WARN  org.apache.solr.core.RequestHandlers  – Multiple requestHandler registered to the same name: /update ignoring: org.apache.solr.handler.UpdateRequestHandler
2763 [coreLoadExecutor-5-thread-1] INFO  org.apache.solr.core.RequestHandlers  – created /update: solr.UpdateRequestHandler
2764 [coreLoadExecutor-5-thread-1] INFO  org.apache.solr.core.RequestHandlers  – created /admin/: solr.admin.AdminHandlers
2765 [coreLoadExecutor-5-thread-1] INFO  org.apache.solr.core.RequestHandlers  – created /admin/ping: solr.PingRequestHandler
2765 [coreLoadExecutor-5-thread-1] INFO  org.apache.solr.core.RequestHandlers  – adding lazy requestHandler: solr.FieldAnalysisRequestHandler
2766 [coreLoadExecutor-5-thread-1] INFO  org.apache.solr.core.RequestHandlers  – created /analysis/field: solr.FieldAnalysisRequestHandler
2781 [coreLoadExecutor-5-thread-1] INFO  org.apache.solr.handler.loader.XMLLoader  – xsltCacheLifetimeSeconds=60
2782 [coreLoadExecutor-5-thread-1] INFO  org.apache.solr.handler.loader.XMLLoader  – xsltCacheLifetimeSeconds=60
2783 [coreLoadExecutor-5-thread-1] INFO  org.apache.solr.handler.loader.XMLLoader  – xsltCacheLifetimeSeconds=60
2783 [coreLoadExecutor-5-thread-1] INFO  org.apache.solr.handler.loader.XMLLoader  – xsltCacheLifetimeSeconds=60
2784 [coreLoadExecutor-5-thread-1] INFO  org.apache.solr.handler.loader.XMLLoader  – xsltCacheLifetimeSeconds=60
2860 [coreLoadExecutor-5-thread-1] INFO  org.apache.solr.core.SolrCore  – Hard AutoCommit: if uncommited for 15000ms; 
2860 [coreLoadExecutor-5-thread-1] INFO  org.apache.solr.core.SolrCore  – Soft AutoCommit: disabled
2908 [coreLoadExecutor-5-thread-1] INFO  org.apache.solr.core.SolrCore  – SolrDeletionPolicy.onInit: commits: num=1
	commit{dir=NRTCachingDirectory(MMapDirectory@/home/watzek343/Documents/geo.lclark/jetty/solr/blacklight-core/data/index lockFactory=NativeFSLockFactory@/home/watzek343/Documents/geo.lclark/jetty/solr/blacklight-core/data/index; maxCacheMB=48.0 maxMergeSizeMB=4.0),segFN=segments_v,generation=31}
2909 [coreLoadExecutor-5-thread-1] INFO  org.apache.solr.core.SolrCore  – newest commit generation = 31
2940 [coreLoadExecutor-5-thread-1] INFO  org.apache.solr.search.SolrIndexSearcher  – Opening Searcher@52536146[blacklight-core] main
2945 [coreLoadExecutor-5-thread-1] INFO  org.apache.solr.rest.ManagedResourceStorage  – File-based storage initialized to use dir: /home/watzek343/Documents/geo.lclark/jetty/solr/blacklight-core/conf
2946 [coreLoadExecutor-5-thread-1] INFO  org.apache.solr.rest.RestManager  – Initializing RestManager with initArgs: {storageDir=/home/watzek343/Documents/geo.lclark/jetty/solr/blacklight-core/conf}
2953 [coreLoadExecutor-5-thread-1] INFO  org.apache.solr.rest.ManagedResourceStorage  – Reading _rest_managed.json using file:dir=/home/watzek343/Documents/geo.lclark/jetty/solr/blacklight-core/conf
3001 [coreLoadExecutor-5-thread-1] INFO  org.apache.solr.rest.ManagedResourceStorage  – Loaded LinkedHashMap at path _rest_managed.json using file:dir=/home/watzek343/Documents/geo.lclark/jetty/solr/blacklight-core/conf
3001 [coreLoadExecutor-5-thread-1] INFO  org.apache.solr.rest.ManagedResource  – Loaded initArgs {} for /rest/managed
3001 [coreLoadExecutor-5-thread-1] INFO  org.apache.solr.rest.RestManager  – Initializing 0 registered ManagedResources
3013 [searcherExecutor-6-thread-1] INFO  org.apache.solr.core.SolrCore  – QuerySenderListener sending requests to Searcher@52536146[blacklight-core] main{StandardDirectoryReader(segments_v:736:nrt _9w(4.10.3):C1)}
3013 [coreLoadExecutor-5-thread-1] INFO  org.apache.solr.core.CoreContainer  – registering core: blacklight-core
3015 [main] INFO  org.apache.solr.servlet.SolrDispatchFilter  – user.dir=/home/watzek343/Documents/geo.lclark/jetty
3015 [main] INFO  org.apache.solr.servlet.SolrDispatchFilter  – SolrDispatchFilter.init() done
3054 [main] INFO  org.eclipse.jetty.server.AbstractConnector  – Started SocketConnector@0.0.0.0:8983
3137 [searcherExecutor-6-thread-1] INFO  org.apache.solr.core.SolrCore  – UnInverted multi-valued field {field=dct_isPartOf_sm,memSize=4336,tindexSize=44,time=0,phase1=0,nTerms=1,bigTerms=0,termInstances=1,uses=0}
3138 [searcherExecutor-6-thread-1] INFO  org.apache.solr.core.SolrCore  – UnInverted multi-valued field {field=dct_spatial_sm,memSize=4369,tindexSize=77,time=0,phase1=0,nTerms=1,bigTerms=0,termInstances=1,uses=0}
3139 [searcherExecutor-6-thread-1] INFO  org.apache.solr.core.SolrCore  – UnInverted multi-valued field {field=dc_creator_sm,memSize=4348,tindexSize=56,time=0,phase1=0,nTerms=1,bigTerms=0,termInstances=1,uses=0}
3141 [searcherExecutor-6-thread-1] INFO  org.apache.solr.core.SolrCore  – UnInverted multi-valued field {field=dc_subject_sm,memSize=4342,tindexSize=50,time=0,phase1=0,nTerms=3,bigTerms=0,termInstances=3,uses=0}
3145 [searcherExecutor-6-thread-1] INFO  org.apache.solr.core.SolrCore  – [blacklight-core] webapp=null path=null params={q=static+firstSearcher+warming+in+solrconfig.xml&distrib=false&event=firstSearcher} hits=0 status=0 QTime=131 
3146 [searcherExecutor-6-thread-1] INFO  org.apache.solr.core.SolrCore  – QuerySenderListener done.
3146 [searcherExecutor-6-thread-1] INFO  org.apache.solr.core.SolrCore  – [blacklight-core] Registered new searcher Searcher@52536146[blacklight-core] main{StandardDirectoryReader(segments_v:736:nrt _9w(4.10.3):C1)}
4373 [qtp1734853116-18] INFO  org.apache.solr.core.SolrCore  – [blacklight-core] webapp=/solr path=/select params={f.layer_geom_type_s.facet.limit=9&facet.field=dct_provenance_s&facet.field=dc_creator_sm&facet.field=dc_publisher_s&facet.field=dc_subject_sm&facet.field=dct_spatial_sm&facet.field=dct_isPartOf_sm&facet.field=solr_year_i&facet.field=dc_rights_s&facet.field=layer_geom_type_s&facet.field=dc_format_s&q.alt=*:*&qt=search&f.dc_rights_s.facet.limit=9&start=0&sort=score+desc,+dc_title_sort+asc&rows=10&f.solr_year_i.facet.limit=11&f.dc_publisher_s.facet.limit=9&f.dct_provenance_s.facet.limit=9&f.dc_format_s.facet.limit=9&wt=ruby&facet=true&f.dc_creator_sm.facet.limit=9&f.dc_subject_sm.facet.limit=9&f.dct_spatial_sm.facet.limit=9&f.dct_isPartOf_sm.facet.limit=9} hits=1 status=0 QTime=22 
5888 [qtp1734853116-17] INFO  org.apache.solr.core.SolrCore  – [blacklight-core] webapp=/solr path=/select params={f.layer_geom_type_s.facet.limit=9&facet.field=dct_provenance_s&facet.field=dc_creator_sm&facet.field=dc_publisher_s&facet.field=dc_subject_sm&facet.field=dct_spatial_sm&facet.field=dct_isPartOf_sm&facet.field=solr_year_i&facet.field=dc_rights_s&facet.field=layer_geom_type_s&facet.field=dc_format_s&q.alt=*:*&qt=search&f.dc_rights_s.facet.limit=9&start=0&sort=score+desc,+dc_title_sort+asc&rows=10&f.solr_year_i.facet.limit=11&f.dc_publisher_s.facet.limit=9&f.dct_provenance_s.facet.limit=9&f.dc_format_s.facet.limit=9&wt=ruby&facet=true&f.dc_creator_sm.facet.limit=9&f.dc_subject_sm.facet.limit=9&f.dct_spatial_sm.facet.limit=9&f.dct_isPartOf_sm.facet.limit=9} hits=1 status=0 QTime=11 
7700 [qtp1734853116-16] INFO  org.apache.solr.core.SolrCore  – [blacklight-core] webapp=/solr path=/select params={f.layer_geom_type_s.facet.limit=9&facet.field=dct_provenance_s&facet.field=dc_creator_sm&facet.field=dc_publisher_s&facet.field=dc_subject_sm&facet.field=dct_spatial_sm&facet.field=dct_isPartOf_sm&facet.field=solr_year_i&facet.field=dc_rights_s&facet.field=layer_geom_type_s&facet.field=dc_format_s&q.alt=*:*&qt=search&f.dc_rights_s.facet.limit=9&start=0&fq={!raw+f%3Ddct_provenance_s}L%26C&sort=score+desc,+dc_title_sort+asc&rows=10&f.solr_year_i.facet.limit=11&f.dc_publisher_s.facet.limit=9&f.dct_provenance_s.facet.limit=9&f.dc_format_s.facet.limit=9&wt=ruby&facet=true&f.dc_creator_sm.facet.limit=9&f.dc_subject_sm.facet.limit=9&f.dct_spatial_sm.facet.limit=9&f.dct_isPartOf_sm.facet.limit=9} hits=1 status=0 QTime=10 
9213 [qtp1734853116-15] INFO  org.apache.solr.core.SolrCore  – [blacklight-core] webapp=/solr path=/select params={q={!raw+f%3Dlayer_slug_s+v%3D$id}&qt=document&id=accf_boundary&wt=ruby} hits=1 status=0 QTime=2 
9223 [qtp1734853116-14] INFO  org.apache.solr.core.SolrCore  – [blacklight-core] webapp=/solr path=/select params={f.layer_geom_type_s.facet.limit=9&facet.field=dct_provenance_s&facet.field=dc_creator_sm&facet.field=dc_publisher_s&facet.field=dc_subject_sm&facet.field=dct_spatial_sm&facet.field=dct_isPartOf_sm&facet.field=solr_year_i&facet.field=dc_rights_s&facet.field=layer_geom_type_s&facet.field=dc_format_s&q.alt=*:*&qt=search&f.dc_rights_s.facet.limit=9&fl=*&start=0&fq={!raw+f%3Ddct_provenance_s}L%26C&sort=score+desc,+dc_title_sort+asc&rows=2&f.solr_year_i.facet.limit=11&f.dc_publisher_s.facet.limit=9&f.dct_provenance_s.facet.limit=9&f.dc_format_s.facet.limit=9&wt=ruby&facet=false&f.dc_creator_sm.facet.limit=9&f.dc_subject_sm.facet.limit=9&f.dct_spatial_sm.facet.limit=9&f.dct_isPartOf_sm.facet.limit=9} hits=1 status=0 QTime=1 
54826 [qtp1734853116-12] INFO  org.apache.solr.core.SolrCore  – [blacklight-core] webapp=/solr path=/select params={q={!raw+f%3Dlayer_slug_s+v%3D$id}&qt=document&id=accf_boundary&wt=ruby} hits=1 status=0 QTime=3 
54837 [qtp1734853116-19] INFO  org.apache.solr.core.SolrCore  – [blacklight-core] webapp=/solr path=/select params={f.layer_geom_type_s.facet.limit=9&facet.field=dct_provenance_s&facet.field=dc_creator_sm&facet.field=dc_publisher_s&facet.field=dc_subject_sm&facet.field=dct_spatial_sm&facet.field=dct_isPartOf_sm&facet.field=solr_year_i&facet.field=dc_rights_s&facet.field=layer_geom_type_s&facet.field=dc_format_s&q.alt=*:*&qt=search&f.dc_rights_s.facet.limit=9&fl=*&start=0&fq={!raw+f%3Ddct_provenance_s}L%26C&sort=score+desc,+dc_title_sort+asc&rows=2&f.solr_year_i.facet.limit=11&f.dc_publisher_s.facet.limit=9&f.dct_provenance_s.facet.limit=9&f.dc_format_s.facet.limit=9&wt=ruby&facet=false&f.dc_creator_sm.facet.limit=9&f.dc_subject_sm.facet.limit=9&f.dct_spatial_sm.facet.limit=9&f.dct_isPartOf_sm.facet.limit=9} hits=1 status=0 QTime=1 
58050691 [qtp1734853116-12] INFO  org.apache.solr.core.SolrCore  – [blacklight-core] webapp=/solr path=/select params={q={!raw+f%3Dlayer_slug_s+v%3D$id}&qt=document&id=accf_boundary&wt=ruby} hits=1 status=0 QTime=8 
58050699 [qtp1734853116-19] INFO  org.apache.solr.core.SolrCore  – [blacklight-core] webapp=/solr path=/select params={f.layer_geom_type_s.facet.limit=9&facet.field=dct_provenance_s&facet.field=dc_creator_sm&facet.field=dc_publisher_s&facet.field=dc_subject_sm&facet.field=dct_spatial_sm&facet.field=dct_isPartOf_sm&facet.field=solr_year_i&facet.field=dc_rights_s&facet.field=layer_geom_type_s&facet.field=dc_format_s&q.alt=*:*&qt=search&f.dc_rights_s.facet.limit=9&fl=*&start=0&fq={!raw+f%3Ddct_provenance_s}L%26C&sort=score+desc,+dc_title_sort+asc&rows=2&f.solr_year_i.facet.limit=11&f.dc_publisher_s.facet.limit=9&f.dct_provenance_s.facet.limit=9&f.dc_format_s.facet.limit=9&wt=ruby&facet=false&f.dc_creator_sm.facet.limit=9&f.dc_subject_sm.facet.limit=9&f.dct_spatial_sm.facet.limit=9&f.dct_isPartOf_sm.facet.limit=9} hits=1 status=0 QTime=0 
